[
  {
    "level": "INFO",
    "message": "android.ndkVersion from module build.gradle is not set"
  },
  {
    "level": "INFO",
    "message": "ndk.dir in local.properties is E:\\ndk\\android-ndk-r21b"
  },
  {
    "level": "INFO",
    "message": "ANDROID_NDK_HOME environment variable is not set"
  },
  {
    "level": "INFO",
    "message": "sdkFolder is E:\\sdk"
  },
  {
    "level": "INFO",
    "message": "NDK side-by-side folder from sdkFolder E:\\sdk\\ndk does not exist"
  },
  {
    "level": "INFO",
    "message": "Considering E:\\ndk\\android-ndk-r21b by ndk.dir"
  },
  {
    "level": "INFO",
    "message": "Considering E:\\sdk\\ndk-bundle in SDK ndk-bundle folder"
  },
  {
    "level": "INFO",
    "message": "Rejected E:\\sdk\\ndk-bundle in SDK ndk-bundle folder because that location has no source.properties"
  },
  {
    "level": "INFO",
    "message": "Found requested ndk.dir (E:\\ndk\\android-ndk-r21b) which has version 21.1.6352462"
  }
]